\BOOKMARK [0][-]{chapter*.4}{\376\377\000P\000r\000e\000f\000a\000c\000e}{}% 1
\BOOKMARK [0][-]{chapter.1}{\376\377\0001\000\040\000I\000n\000t\000r\000o\000d\000u\000c\000t\000i\000o\000n\000\040\000a\000n\000d\000\040\000M\000o\000t\000i\000v\000a\000t\000i\000o\000n}{}% 2
\BOOKMARK [1][-]{section.1.1}{\376\377\0001\000.\0001\000\040\000T\000h\000e\000\040\000D\000a\000r\000k\000\040\000M\000a\000t\000t\000e\000r\000\040\000P\000r\000o\000b\000l\000e\000m}{chapter.1}% 3
\BOOKMARK [1][-]{section.1.2}{\376\377\0001\000.\0002\000\040\000C\000o\000n\000t\000a\000c\000t\000\040\000G\000e\000o\000m\000e\000t\000r\000y\000\040\000a\000s\000\040\000a\000n\000\040\000A\000l\000t\000e\000r\000n\000a\000t\000i\000v\000e\000\040\000L\000e\000n\000s}{chapter.1}% 4
\BOOKMARK [1][-]{section.1.3}{\376\377\0001\000.\0003\000\040\000T\000h\000e\000\040\000d\000m\0003\000\040\000O\000p\000e\000r\000a\000t\000o\000r\000\040\000C\000h\000a\000i\000n}{chapter.1}% 5
\BOOKMARK [1][-]{section.1.4}{\376\377\0001\000.\0004\000\040\000O\000b\000s\000e\000r\000v\000a\000t\000i\000o\000n\000a\000l\000\040\000A\000n\000c\000h\000o\000r\000:\000\040\000N\000a\000t\000a\000r\000a\000j\000a\000n\000\040\000e\000t\000\040\000a\000l\000.}{chapter.1}% 6
\BOOKMARK [1][-]{section.1.5}{\376\377\0001\000.\0005\000\040\000S\000t\000r\000u\000c\000t\000u\000r\000e\000\040\000o\000f\000\040\000t\000h\000e\000\040\000M\000o\000n\000o\000g\000r\000a\000p\000h}{chapter.1}% 7
\BOOKMARK [0][-]{chapter.2}{\376\377\0002\000\040\000C\000o\000n\000t\000a\000c\000t\000\040\000G\000e\000o\000m\000e\000t\000r\000y\000:\000\040\000F\000o\000u\000n\000d\000a\000t\000i\000o\000n\000s}{}% 8
\BOOKMARK [1][-]{section.2.1}{\376\377\0002\000.\0001\000\040\000C\000o\000n\000t\000a\000c\000t\000\040\000M\000a\000n\000i\000f\000o\000l\000d\000s}{chapter.2}% 9
\BOOKMARK [1][-]{section.2.2}{\376\377\0002\000.\0002\000\040\000D\000a\000r\000b\000o\000u\000x\000\040\000C\000o\000o\000r\000d\000i\000n\000a\000t\000e\000s}{chapter.2}% 10
\BOOKMARK [1][-]{section.2.3}{\376\377\0002\000.\0003\000\040\000T\000h\000e\000\040\000R\000e\000e\000b\000\040\000V\000e\000c\000t\000o\000r\000\040\000F\000i\000e\000l\000d}{chapter.2}% 11
\BOOKMARK [1][-]{section.2.4}{\376\377\0002\000.\0004\000\040\000C\000o\000n\000t\000a\000c\000t\000\040\000H\000a\000m\000i\000l\000t\000o\000n\000i\000a\000n\000s}{chapter.2}% 12
\BOOKMARK [1][-]{section.2.5}{\376\377\0002\000.\0005\000\040\000T\000h\000e\000\040\000C\000o\000n\000t\000a\000c\000t\000-\000G\000e\000o\000m\000e\000t\000r\000i\000c\000\040\000S\000p\000a\000c\000e\000t\000i\000m\000e}{chapter.2}% 13
\BOOKMARK [0][-]{chapter.3}{\376\377\0003\000\040\000T\000h\000e\000\040\000d\000m\0003\000\040\000O\000p\000e\000r\000a\000t\000o\000r\000\040\000C\000h\000a\000i\000n}{}% 14
\BOOKMARK [1][-]{section.3.1}{\376\377\0003\000.\0001\000\040\000O\000p\000e\000r\000a\000t\000o\000r\000\040\000D\000e\000f\000i\000n\000i\000t\000i\000o\000n\000s}{chapter.3}% 15
\BOOKMARK [1][-]{section.3.2}{\376\377\0003\000.\0002\000\040\000T\000h\000e\000\040\000N\000o\000n\000-\000C\000o\000m\000m\000u\000t\000a\000t\000i\000v\000i\000t\000y\000\040\000T\000h\000e\000o\000r\000e\000m}{chapter.3}% 16
\BOOKMARK [2][-]{subsection.3.2.1}{\376\377\0003\000.\0002\000.\0001\000\040\000C\000o\000m\000m\000u\000t\000a\000t\000o\000r\000\040\000T\000a\000b\000l\000e}{section.3.2}% 17
\BOOKMARK [2][-]{subsection.3.2.2}{\376\377\0003\000.\0002\000.\0002\000\040\000P\000h\000y\000s\000i\000c\000a\000l\000\040\000I\000n\000t\000e\000r\000p\000r\000e\000t\000a\000t\000i\000o\000n\000\040\000o\000f\000\040\000N\000o\000n\000-\000C\000o\000m\000m\000u\000t\000a\000t\000i\000v\000i\000t\000y}{section.3.2}% 18
\BOOKMARK [0][-]{chapter.4}{\376\377\0004\000\040\000C\000e\000r\000t\000i\000f\000i\000e\000d\000\040\000C\000o\000n\000s\000t\000a\000n\000t\000s}{}% 19
\BOOKMARK [1][-]{section.4.1}{\376\377\0004\000.\0001\000\040\000O\000v\000e\000r\000v\000i\000e\000w}{chapter.4}% 20
\BOOKMARK [1][-]{section.4.2}{\376\377\0004\000.\0002\000\040\000T\000h\000e\000\040\000G\000r\000o\000n\000w\000a\000l\000l\000\040\000B\000a\000s\000i\000n\000\040\000R\000a\000d\000i\000u\000s\000\040\003\265\040\200\000\040\000=\000\040\0001\000/\0003}{chapter.4}% 21
\BOOKMARK [1][-]{section.4.3}{\376\377\0004\000.\0003\000\040\000T\000h\000e\000\040\000E\000m\000b\000o\000d\000i\000m\000e\000n\000t\000\040\000T\000h\000r\000e\000s\000h\000o\000l\000d\000\040\003\304\000\040\000=\000\040\0002}{chapter.4}% 22
\BOOKMARK [1][-]{section.4.4}{\376\377\0004\000.\0004\000\040\000T\000h\000e\000\040\000T\000r\000i\000b\000o\000n\000a\000c\000c\000i\000\040\000C\000o\000n\000s\000t\000a\000n\000t\000\040\003\267}{chapter.4}% 23
\BOOKMARK [0][-]{chapter.5}{\376\377\0005\000\040\000L\000y\000a\000p\000u\000n\000o\000v\000\040\000A\000n\000a\000l\000y\000s\000i\000s\000\040\000a\000n\000d\000\040\000S\000t\000a\000b\000i\000l\000i\000t\000y}{}% 24
\BOOKMARK [1][-]{section.5.1}{\376\377\0005\000.\0001\000\040\000T\000r\000a\000n\000s\000v\000e\000r\000s\000e\000\040\000L\000y\000a\000p\000u\000n\000o\000v\000\040\000E\000x\000p\000o\000n\000e\000n\000t\000s}{chapter.5}% 25
\BOOKMARK [1][-]{section.5.2}{\376\377\0005\000.\0002\000\040\000G\000l\000o\000b\000a\000l\000\040\000S\000t\000a\000b\000i\000l\000i\000t\000y}{chapter.5}% 26
\BOOKMARK [0][-]{chapter.6}{\376\377\0006\000\040\000T\000h\000e\000\040\000C\000o\000n\000t\000a\000c\000t\000-\000G\000e\000o\000m\000e\000t\000r\000i\000c\000\040\000D\000e\000n\000s\000i\000t\000y\000\040\000P\000r\000o\000f\000i\000l\000e}{}% 27
\BOOKMARK [1][-]{section.6.1}{\376\377\0006\000.\0001\000\040\000D\000e\000r\000i\000v\000a\000t\000i\000o\000n}{chapter.6}% 28
\BOOKMARK [1][-]{section.6.2}{\376\377\0006\000.\0002\000\040\000P\000r\000o\000p\000e\000r\000t\000i\000e\000s\000\040\000o\000f\000\040\000t\000h\000e\000\040\000P\000r\000o\000f\000i\000l\000e}{chapter.6}% 29
\BOOKMARK [2][-]{subsection.6.2.1}{\376\377\0006\000.\0002\000.\0001\000\040\000I\000n\000n\000e\000r\000\040\000A\000m\000p\000l\000i\000f\000i\000c\000a\000t\000i\000o\000n}{section.6.2}% 30
\BOOKMARK [2][-]{subsection.6.2.2}{\376\377\0006\000.\0002\000.\0002\000\040\000T\000h\000e\000\040\000I\000d\000e\000n\000t\000i\000t\000y\000\040\003\267\040\173\035\117\040\175\035\111\040\160\040\176\000=\0003}{section.6.2}% 31
\BOOKMARK [1][-]{section.6.3}{\376\377\0006\000.\0003\000\040\000C\000o\000m\000p\000a\000r\000i\000s\000o\000n\000\040\000w\000i\000t\000h\000\040\000C\000D\000M\000\040\000a\000n\000d\000\040\000N\000F\000W}{chapter.6}% 32
\BOOKMARK [0][-]{chapter.7}{\376\377\0007\000\040\000T\000h\000e\000\040\000T\000r\000i\000b\000o\000n\000a\000c\000c\000i\000\040\000M\000e\000c\000h\000a\000n\000i\000s\000m}{}% 33
\BOOKMARK [1][-]{section.7.1}{\376\377\0007\000.\0001\000\040\000T\000r\000i\000b\000o\000n\000a\000c\000c\000i\000\040\000N\000u\000m\000b\000e\000r\000s\000\040\000a\000n\000d\000\040\000S\000e\000q\000u\000e\000n\000c\000e\000s}{chapter.7}% 34
\BOOKMARK [1][-]{section.7.2}{\376\377\0007\000.\0002\000\040\000C\000o\000n\000t\000a\000c\000t\000-\000G\000e\000o\000m\000e\000t\000r\000i\000c\000\040\000O\000r\000i\000g\000i\000n}{chapter.7}% 35
\BOOKMARK [1][-]{section.7.3}{\376\377\0007\000.\0003\000\040\000D\000e\000n\000s\000i\000t\000y\000\040\000A\000m\000p\000l\000i\000f\000i\000c\000a\000t\000i\000o\000n\000\040\000v\000i\000a\000\040\000T\000r\000i\000b\000o\000n\000a\000c\000c\000i\000\040\000W\000e\000i\000g\000h\000t\000i\000n\000g}{chapter.7}% 36
\BOOKMARK [0][-]{chapter.8}{\376\377\0008\000\040\000C\000o\000n\000v\000e\000r\000g\000e\000n\000c\000e\000\040\000a\000n\000d\000\040\000M\000a\000g\000n\000i\000f\000i\000c\000a\000t\000i\000o\000n}{}% 37
\BOOKMARK [1][-]{section.8.1}{\376\377\0008\000.\0001\000\040\000C\000o\000n\000v\000e\000r\000g\000e\000n\000c\000e\000\040\000F\000i\000e\000l\000d}{chapter.8}% 38
\BOOKMARK [1][-]{section.8.2}{\376\377\0008\000.\0002\000\040\000M\000a\000g\000n\000i\000f\000i\000c\000a\000t\000i\000o\000n\000\040\000R\000a\000t\000i\000o}{chapter.8}% 39
\BOOKMARK [0][-]{chapter.9}{\376\377\0009\000\040\000G\000r\000a\000v\000i\000t\000a\000t\000i\000o\000n\000a\000l\000\040\000L\000e\000n\000s\000i\000n\000g\000\040\000F\000o\000r\000m\000a\000l\000i\000s\000m}{}% 40
\BOOKMARK [1][-]{section.9.1}{\376\377\0009\000.\0001\000\040\000W\000e\000a\000k\000\040\000L\000e\000n\000s\000i\000n\000g\000\040\000B\000a\000s\000i\000c\000s}{chapter.9}% 41
\BOOKMARK [1][-]{section.9.2}{\376\377\0009\000.\0002\000\040\000C\000o\000n\000t\000a\000c\000t\000-\000G\000e\000o\000m\000e\000t\000r\000i\000c\000\040\000C\000o\000r\000r\000e\000c\000t\000i\000o\000n\000s}{chapter.9}% 42
\BOOKMARK [1][-]{section.9.3}{\376\377\0009\000.\0003\000\040\000S\000h\000e\000a\000r\000\040\000a\000n\000d\000\040\000E\000l\000l\000i\000p\000t\000i\000c\000i\000t\000y}{chapter.9}% 43
\BOOKMARK [0][-]{chapter.10}{\376\377\0001\0000\000\040\000C\000o\000s\000m\000o\000l\000o\000g\000i\000c\000a\000l\000\040\000E\000m\000b\000e\000d\000d\000i\000n\000g}{}% 44
\BOOKMARK [1][-]{section.10.1}{\376\377\0001\0000\000.\0001\000\040\000C\000o\000m\000p\000a\000t\000i\000b\000i\000l\000i\000t\000y\000\040\000w\000i\000t\000h\000\040\003\233\000C\000D\000M}{chapter.10}% 45
\BOOKMARK [1][-]{section.10.2}{\376\377\0001\0000\000.\0002\000\040\000R\000e\000d\000s\000h\000i\000f\000t\000\040\000E\000v\000o\000l\000u\000t\000i\000o\000n}{chapter.10}% 46
\BOOKMARK [1][-]{section.10.3}{\376\377\0001\0000\000.\0003\000\040\000M\000a\000s\000s\000\040\000S\000c\000a\000l\000i\000n\000g}{chapter.10}% 47
\BOOKMARK [0][-]{chapter.11}{\376\377\0001\0001\000\040\000T\000h\000e\000\040\000L\000e\000a\000n\000\040\0004\000\040\000A\000X\000L\000E\000\040\000F\000o\000r\000m\000a\000l\000i\000s\000a\000t\000i\000o\000n}{}% 48
\BOOKMARK [1][-]{section.11.1}{\376\377\0001\0001\000.\0001\000\040\000O\000v\000e\000r\000v\000i\000e\000w}{chapter.11}% 49
\BOOKMARK [1][-]{section.11.2}{\376\377\0001\0001\000.\0002\000\040\000L\000e\000a\000n\000\040\0004\000\040\000L\000e\000m\000m\000a\000s\000\040\000L\0001\040\023\000L\0008}{chapter.11}% 50
\BOOKMARK [1][-]{section.11.3}{\376\377\0001\0001\000.\0003\000\040\000O\000p\000e\000n\000\040\000O\000b\000l\000i\000g\000a\000t\000i\000o\000n\000s\000\040\000O\0001\040\023\000O\0005}{chapter.11}% 51
\BOOKMARK [0][-]{chapter.12}{\376\377\0001\0002\000\040\000O\000b\000s\000e\000r\000v\000a\000t\000i\000o\000n\000a\000l\000\040\000D\000a\000t\000a\000:\000\040\000N\000a\000t\000a\000r\000a\000j\000a\000n\000,\000\040\000C\000h\000i\000a\000n\000g\000\040\000\046\000\040\000D\000u\000t\000r\000a\000\040\000\050\0002\0000\0002\0006\000\051}{}% 52
\BOOKMARK [1][-]{section.12.1}{\376\377\0001\0002\000.\0001\000\040\000T\000h\000e\000\040\000H\000u\000b\000b\000l\000e\000\040\000F\000r\000o\000n\000t\000i\000e\000r\000\040\000F\000i\000e\000l\000d\000s\000\040\000P\000r\000o\000g\000r\000a\000m\000m\000e}{chapter.12}% 53
\BOOKMARK [1][-]{section.12.2}{\376\377\0001\0002\000.\0002\000\040\000T\000h\000e\000\040\000T\000h\000r\000e\000e\000\040\000C\000l\000u\000s\000t\000e\000r\000s}{chapter.12}% 54
\BOOKMARK [2][-]{subsection.12.2.1}{\376\377\0001\0002\000.\0002\000.\0001\000\040\000M\000A\000C\000S\000\040\000J\0000\0004\0001\0006\000.\0001\000-\0002\0004\0000\0003}{section.12.2}% 55
\BOOKMARK [2][-]{subsection.12.2.2}{\376\377\0001\0002\000.\0002\000.\0002\000\040\000M\000A\000C\000S\000\040\000J\0001\0002\0000\0006\000.\0002\000-\0000\0008\0004\0007}{section.12.2}% 56
\BOOKMARK [2][-]{subsection.12.2.3}{\376\377\0001\0002\000.\0002\000.\0003\000\040\000M\000A\000C\000S\000\040\000J\0001\0001\0004\0009\000.\0005\000+\0002\0002\0002\0003}{section.12.2}% 57
\BOOKMARK [1][-]{section.12.3}{\376\377\0001\0002\000.\0003\000\040\000S\000u\000m\000m\000a\000r\000y\000\040\000o\000f\000\040\000O\000b\000s\000e\000r\000v\000a\000t\000i\000o\000n\000a\000l\000\040\000D\000a\000t\000a}{chapter.12}% 58
\BOOKMARK [0][-]{chapter.13}{\376\377\0001\0003\000\040\000A\000g\000r\000e\000e\000m\000e\000n\000t\000\040\000w\000i\000t\000h\000\040\000N\000a\000t\000a\000r\000a\000j\000a\000n\000,\000\040\000C\000h\000i\000a\000n\000g\000\040\000\046\000\040\000D\000u\000t\000r\000a}{}% 59
\BOOKMARK [1][-]{section.13.1}{\376\377\0001\0003\000.\0001\000\040\000C\000o\000n\000t\000a\000c\000t\000-\000G\000e\000o\000m\000e\000t\000r\000i\000c\000\040\000P\000r\000e\000d\000i\000c\000t\000i\000o\000n}{chapter.13}% 60
\BOOKMARK [1][-]{section.13.2}{\376\377\0001\0003\000.\0002\000\040\000W\000h\000y\000\040\000Z\000e\000r\000o\000\040\000F\000r\000e\000e\000\040\000P\000a\000r\000a\000m\000e\000t\000e\000r\000s\000?}{chapter.13}% 61
\BOOKMARK [1][-]{section.13.3}{\376\377\0001\0003\000.\0003\000\040\000C\000o\000m\000p\000a\000r\000i\000s\000o\000n\000\040\000w\000i\000t\000h\000\040\000C\000D\000M\000\040\000a\000n\000d\000\040\000S\000I\000D\000M}{chapter.13}% 62
\BOOKMARK [0][-]{chapter.14}{\376\377\0001\0004\000\040\000F\000i\000v\000e\000\040\000F\000a\000l\000s\000i\000f\000i\000a\000b\000l\000e\000\040\000P\000r\000e\000d\000i\000c\000t\000i\000o\000n\000s}{}% 63
\BOOKMARK [0][-]{chapter.15}{\376\377\0001\0005\000\040\000N\000o\000n\000-\000C\000o\000m\000m\000u\000t\000a\000t\000i\000v\000i\000t\000y\000:\000\040\000A\000s\000t\000r\000o\000p\000h\000y\000s\000i\000c\000a\000l\000\040\000C\000o\000n\000s\000e\000q\000u\000e\000n\000c\000e\000s}{}% 64
\BOOKMARK [1][-]{section.15.1}{\376\377\0001\0005\000.\0001\000\040\000W\000h\000y\000\040\000O\000r\000d\000e\000r\000\040\000M\000a\000t\000t\000e\000r\000s\000\040\000i\000n\000\040\000A\000s\000t\000r\000o\000p\000h\000y\000s\000i\000c\000s}{chapter.15}% 65
\BOOKMARK [2][-]{subsection.15.1.1}{\376\377\0001\0005\000.\0001\000.\0001\000\040\000T\000h\000e\000\040\000C\000o\000n\000t\000a\000c\000t\000\040\000O\000p\000e\000r\000a\000t\000o\000r\000\040\000M\000u\000s\000t\000\040\000A\000c\000t\000\040\000F\000i\000r\000s\000t}{section.15.1}% 66
\BOOKMARK [2][-]{subsection.15.1.2}{\376\377\0001\0005\000.\0001\000.\0002\000\040\000T\000h\000e\000\040\000P\000l\000a\000n\000c\000k\000/\000D\000a\000r\000k\000\040\000M\000a\000t\000t\000e\000r\000\040\000A\000n\000a\000l\000o\000g\000y}{section.15.1}% 67
\BOOKMARK [0][-]{chapter.16}{\376\377\0001\0006\000\040\000D\000i\000s\000c\000u\000s\000s\000i\000o\000n}{}% 68
\BOOKMARK [1][-]{section.16.1}{\376\377\0001\0006\000.\0001\000\040\000C\000o\000n\000t\000a\000c\000t\000\040\000G\000e\000o\000m\000e\000t\000r\000y\000\040\000v\000e\000r\000s\000u\000s\000\040\000N\000e\000w\000\040\000P\000a\000r\000t\000i\000c\000l\000e\000s}{chapter.16}% 69
\BOOKMARK [1][-]{section.16.2}{\376\377\0001\0006\000.\0002\000\040\000C\000o\000m\000p\000a\000r\000i\000s\000o\000n\000\040\000w\000i\000t\000h\000\040\000S\000I\000D\000M}{chapter.16}% 70
\BOOKMARK [1][-]{section.16.3}{\376\377\0001\0006\000.\0003\000\040\000S\000c\000a\000l\000e\000-\000I\000n\000v\000a\000r\000i\000a\000n\000c\000e\000\040\000v\000e\000r\000s\000u\000s\000\040\000S\000c\000a\000l\000e\000-\000D\000e\000p\000e\000n\000d\000e\000n\000c\000e}{chapter.16}% 71
\BOOKMARK [1][-]{section.16.4}{\376\377\0001\0006\000.\0004\000\040\000R\000e\000l\000a\000t\000i\000o\000n\000\040\000t\000o\000\040\000t\000h\000e\000\040\000P\000r\000i\000n\000c\000i\000p\000i\000a\000\040\000O\000r\000t\000h\000o\000g\000o\000n\000a\000\040\000F\000r\000a\000m\000e\000w\000o\000r\000k}{chapter.16}% 72
\BOOKMARK [0][-]{chapter.17}{\376\377\0001\0007\000\040\000F\000u\000r\000t\000h\000e\000r\000\040\000D\000i\000r\000e\000c\000t\000i\000o\000n\000s}{}% 73
\BOOKMARK [1][-]{section.17.1}{\376\377\0001\0007\000.\0001\000\040\000G\000r\000a\000v\000i\000t\000a\000t\000i\000o\000n\000a\000l\000\040\000W\000a\000v\000e\000\040\000S\000i\000g\000n\000a\000t\000u\000r\000e\000s}{chapter.17}% 74
\BOOKMARK [1][-]{section.17.2}{\376\377\0001\0007\000.\0002\000\040\000J\000W\000S\000T\000\040\000P\000r\000e\000d\000i\000c\000t\000i\000o\000n\000s}{chapter.17}% 75
\BOOKMARK [1][-]{section.17.3}{\376\377\0001\0007\000.\0003\000\040\000O\000p\000e\000n\000\040\000M\000a\000t\000h\000e\000m\000a\000t\000i\000c\000a\000l\000\040\000Q\000u\000e\000s\000t\000i\000o\000n\000s}{chapter.17}% 76
\BOOKMARK [0][-]{chapter.18}{\376\377\0001\0008\000\040\000C\000o\000n\000c\000l\000u\000s\000i\000o\000n\000s}{}% 77
\BOOKMARK [0][-]{appendix.A}{\376\377\000A\000\040\000L\000e\000a\000n\000\040\0004\000\040\000A\000X\000L\000E\000\040\000S\000o\000u\000r\000c\000e\000\040\000C\000o\000d\000e}{}% 78
\BOOKMARK [0][-]{appendix.B}{\376\377\000B\000\040\000P\000y\000t\000h\000o\000n\000\040\000S\000i\000m\000u\000l\000a\000t\000i\000o\000n}{}% 79
\BOOKMARK [0][-]{appendix.C}{\376\377\000C\000\040\000A\000s\000t\000r\000o\000p\000h\000y\000s\000i\000c\000a\000l\000\040\000D\000e\000r\000i\000v\000a\000t\000i\000o\000n\000s}{}% 80
\BOOKMARK [1][-]{section.C.1}{\376\377\000C\000.\0001\000\040\000L\000i\000n\000e\000-\000o\000f\000-\000S\000i\000g\000h\000t\000\040\000I\000n\000t\000e\000g\000r\000a\000l\000\040\000f\000o\000r\000\040\000t\000h\000e\000\040\000C\000o\000n\000t\000a\000c\000t\000\040\000P\000r\000o\000f\000i\000l\000e}{appendix.C}% 81
\BOOKMARK [1][-]{section.C.2}{\376\377\000C\000.\0002\000\040\000K\000a\000i\000s\000e\000r\040\023\000S\000q\000u\000i\000r\000e\000s\000\040\000S\000h\000e\000a\000r}{appendix.C}% 82
\BOOKMARK [1][-]{section.C.3}{\376\377\000C\000.\0003\000\040\000M\000a\000g\000n\000i\000f\000i\000c\000a\000t\000i\000o\000n\000\040\000i\000n\000\040\000t\000h\000e\000\040\000W\000e\000a\000k\000-\000L\000e\000n\000s\000i\000n\000g\000\040\000L\000i\000m\000i\000t}{appendix.C}% 83
\BOOKMARK [0][-]{appendix.D}{\376\377\000D\000\040\000M\000a\000t\000h\000e\000m\000a\000t\000i\000c\000a\000l\000\040\000B\000a\000c\000k\000g\000r\000o\000u\000n\000d}{}% 84
\BOOKMARK [1][-]{section.D.1}{\376\377\000D\000.\0001\000\040\000G\000r\000o\000n\000w\000a\000l\000l\000'\000s\000\040\000L\000e\000m\000m\000a}{appendix.D}% 85
\BOOKMARK [1][-]{section.D.2}{\376\377\000D\000.\0002\000\040\000D\000a\000r\000b\000o\000u\000x\000'\000s\000\040\000T\000h\000e\000o\000r\000e\000m\000\040\000f\000o\000r\000\040\000C\000o\000n\000t\000a\000c\000t\000\040\000M\000a\000n\000i\000f\000o\000l\000d\000s}{appendix.D}% 86
\BOOKMARK [1][-]{section.D.3}{\376\377\000D\000.\0003\000\040\000W\000h\000i\000t\000n\000e\000y\000\040\000A\0001\000\040\000S\000i\000n\000g\000u\000l\000a\000r\000i\000t\000y}{appendix.D}% 87
\BOOKMARK [0][-]{appendix.E}{\376\377\000E\000\040\000B\000i\000b\000l\000i\000o\000g\000r\000a\000p\000h\000y\000\040\000N\000o\000t\000e\000s}{}% 88
\BOOKMARK [0][-]{appendix*.13}{\376\377\000B\000i\000b\000l\000i\000o\000g\000r\000a\000p\000h\000y}{}% 89
